<?xml version="1.0" encoding="UTF-8"?>
<testng-results ignored="0" total="1" passed="1" failed="0" skipped="0">
  <reporter-output>
  </reporter-output>
  <suite started-at="2023-08-03T18:08:10 IST" name="Default suite" finished-at="2023-08-03T18:08:56 IST" duration-ms="46029">
    <groups>
    </groups>
    <test started-at="2023-08-03T18:08:10 IST" name="Default test" finished-at="2023-08-03T18:08:56 IST" duration-ms="46029">
      <class name="com.hyundai.SampleMobile">
        <test-method signature="configuration()[pri:0, instance:com.hyundai.SampleMobile@2f7298b]" started-at="2023-08-03T18:08:10 IST" name="configuration" finished-at="2023-08-03T18:08:56 IST" duration-ms="45955" status="PASS">
          <reporter-output>
          </reporter-output>
        </test-method> <!-- configuration -->
      </class> <!-- com.hyundai.SampleMobile -->
    </test> <!-- Default test -->
  </suite> <!-- Default suite -->
</testng-results>
